build/intermediates/manifest_merge_blame_file/debug/manifest-merger-blame-debug-report.txt
1<?xml version="1.0" encoding="utf-8"?>
2<manifest xmlns:android="http://schemas.android.com/apk/res/android"
3    package="com.example.gisvihara"
4    android:versionCode="1"
5    android:versionName="1.0" >
6
7    <uses-sdk
8        android:minSdkVersion="21"
8-->src\main\AndroidManifest.xml
9        android:targetSdkVersion="28" />
9-->src\main\AndroidManifest.xml
10
11    <uses-permission android:name="android.permission.ACCESS_FINE_LOCATION" />
11-->src\main\AndroidManifest.xml:44:5-79
11-->src\main\AndroidManifest.xml:44:22-76
12
13    <!-- Include required permissions for Google Maps API to run. -->
14    <uses-permission android:name="android.permission.ACCESS_NETWORK_STATE" />
14-->[com.google.android.gms:play-services-maps:17.0.0] AndroidManifest.xml:23:5-79
14-->[com.google.android.gms:play-services-maps:17.0.0] AndroidManifest.xml:23:22-76
15    <uses-permission android:name="android.permission.INTERNET" />
15-->[com.google.android.gms:play-services-maps:17.0.0] AndroidManifest.xml:24:5-67
15-->[com.google.android.gms:play-services-maps:17.0.0] AndroidManifest.xml:24:22-64
16
17    <uses-feature
17-->[com.google.android.gms:play-services-maps:17.0.0] AndroidManifest.xml:26:5-28:35
18        android:glEsVersion="0x00020000"
18-->[com.google.android.gms:play-services-maps:17.0.0] AndroidManifest.xml:27:9-41
19        android:required="true" />
19-->[com.google.android.gms:play-services-maps:17.0.0] AndroidManifest.xml:28:9-32
20
21    <application
21-->src\main\AndroidManifest.xml:5:5-42:19
22        android:allowBackup="true"
22-->src\main\AndroidManifest.xml:6:9-35
23        android:appComponentFactory="androidx.core.app.CoreComponentFactory"
23-->[androidx.core:core:1.1.0] AndroidManifest.xml:24:18-86
24        android:debuggable="true"
25        android:icon="@mipmap/ic_launcher"
25-->src\main\AndroidManifest.xml:7:9-43
26        android:label="@string/app_name"
26-->src\main\AndroidManifest.xml:8:9-41
27        android:roundIcon="@mipmap/ic_launcher_round"
27-->src\main\AndroidManifest.xml:9:9-54
28        android:supportsRtl="true"
28-->src\main\AndroidManifest.xml:10:9-35
29        android:testOnly="true"
30        android:theme="@style/AppTheme" >
30-->src\main\AndroidManifest.xml:11:9-40
31        <activity android:name="com.example.gisvihara.DetailActivity" />
31-->src\main\AndroidManifest.xml:12:9-61
31-->src\main\AndroidManifest.xml:12:19-49
32        <activity android:name="com.example.gisvihara.Splashscreen" >
32-->src\main\AndroidManifest.xml:13:9-19:20
32-->src\main\AndroidManifest.xml:13:19-47
33            <intent-filter>
33-->src\main\AndroidManifest.xml:14:13-18:29
34                <action android:name="android.intent.action.MAIN" />
34-->src\main\AndroidManifest.xml:15:17-69
34-->src\main\AndroidManifest.xml:15:25-66
35
36                <category android:name="android.intent.category.LAUNCHER" />
36-->src\main\AndroidManifest.xml:17:17-77
36-->src\main\AndroidManifest.xml:17:27-74
37            </intent-filter>
38        </activity>
39        <!--
40             The API key for Google Maps-based APIs is defined as a string resource.
41             (See the file "res/values/google_maps_api.xml").
42             Note that the API key is linked to the encryption key used to sign the APK.
43             You need a different API key for each encryption key, including the release key that is used to
44             sign the APK for publishing.
45             You can define the keys for the debug and release targets in src/debug/ and src/release/.
46        -->
47        <activity
47-->src\main\AndroidManifest.xml:28:9-30:59
48            android:name="com.example.gisvihara.MapsActivity"
48-->src\main\AndroidManifest.xml:29:13-41
49            android:label="@string/title_activity_maps" />
49-->src\main\AndroidManifest.xml:30:13-56
50        <activity android:name="com.example.gisvihara.MainActivity" >
50-->src\main\AndroidManifest.xml:31:9-37:20
50-->src\main\AndroidManifest.xml:31:19-47
51            <intent-filter>
51-->src\main\AndroidManifest.xml:14:13-18:29
52                <action android:name="android.intent.action.MAIN" />
52-->src\main\AndroidManifest.xml:15:17-69
52-->src\main\AndroidManifest.xml:15:25-66
53
54                <category android:name="android.intent.category.LAUNCHER" />
54-->src\main\AndroidManifest.xml:17:17-77
54-->src\main\AndroidManifest.xml:17:27-74
55            </intent-filter>
56        </activity>
57
58        <meta-data
58-->src\main\AndroidManifest.xml:39:9-41:55
59            android:name="com.google.android.geo.API_KEY"
59-->src\main\AndroidManifest.xml:40:13-58
60            android:value="@string/google_maps_key" />
60-->src\main\AndroidManifest.xml:41:13-52
61        <!-- Needs to be explicitly declared on P+ -->
62        <uses-library
62-->[com.google.android.gms:play-services-maps:17.0.0] AndroidManifest.xml:33:9-35:40
63            android:name="org.apache.http.legacy"
63-->[com.google.android.gms:play-services-maps:17.0.0] AndroidManifest.xml:34:13-50
64            android:required="false" />
64-->[com.google.android.gms:play-services-maps:17.0.0] AndroidManifest.xml:35:13-37
65
66        <provider
66-->[com.squareup.picasso:picasso:2.71828] AndroidManifest.xml:8:9-11:40
67            android:name="com.squareup.picasso.PicassoProvider"
67-->[com.squareup.picasso:picasso:2.71828] AndroidManifest.xml:9:13-64
68            android:authorities="com.example.gisvihara.com.squareup.picasso"
68-->[com.squareup.picasso:picasso:2.71828] AndroidManifest.xml:10:13-72
69            android:exported="false" />
69-->[com.squareup.picasso:picasso:2.71828] AndroidManifest.xml:11:13-37
70
71        <activity
71-->[com.google.android.gms:play-services-base:17.0.0] AndroidManifest.xml:23:9-26:75
72            android:name="com.google.android.gms.common.api.GoogleApiActivity"
72-->[com.google.android.gms:play-services-base:17.0.0] AndroidManifest.xml:24:13-79
73            android:exported="false"
73-->[com.google.android.gms:play-services-base:17.0.0] AndroidManifest.xml:25:13-37
74            android:theme="@android:style/Theme.Translucent.NoTitleBar" />
74-->[com.google.android.gms:play-services-base:17.0.0] AndroidManifest.xml:26:13-72
75
76        <meta-data
76-->[com.google.android.gms:play-services-basement:17.0.0] AndroidManifest.xml:23:9-25:69
77            android:name="com.google.android.gms.version"
77-->[com.google.android.gms:play-services-basement:17.0.0] AndroidManifest.xml:24:13-58
78            android:value="@integer/google_play_services_version" />
78-->[com.google.android.gms:play-services-basement:17.0.0] AndroidManifest.xml:25:13-66
79    </application>
80
81</manifest>